/Users/tushar/web_dev/projects/iic-dcrust/server/node_modules/express/lib/router/index.js:458
      throw new TypeError('Router.use() requires a middleware function but got a ' + gettype(fn))
      ^

TypeError: Router.use() requires a middleware function but got a Object
    at Function.use (/Users/tushar/web_dev/projects/iic-dcrust/server/node_modules/express/lib/router/index.js:458:13)
    at Object.<anonymous> (/Users/tushar/web_dev/projects/iic-dcrust/server/routes/api/index.js:8:7)
    at Module._compile (internal/modules/cjs/loader.js:1015:30)
    at Object.Module._extensions..js (internal/modules/cjs/loader.js:1035:10)
    at Module.load (internal/modules/cjs/loader.js:879:32)
    at Function.Module._load (internal/modules/cjs/loader.js:724:14)
    at Module.require (internal/modules/cjs/loader.js:903:19)
    at require (internal/modules/cjs/helpers.js:74:18)
    at Object.<anonymous> (/Users/tushar/web_dev/projects/iic-dcrust/server/bin/app.js:3:16)
    at Module._compile (internal/modules/cjs/loader.js:1015:30)
/Users/tushar/web_dev/projects/iic-dcrust/server/node_modules/express/lib/router/index.js:458
      throw new TypeError('Router.use() requires a middleware function but got a ' + gettype(fn))
      ^

TypeError: Router.use() requires a middleware function but got a Object
    at Function.use (/Users/tushar/web_dev/projects/iic-dcrust/server/node_modules/express/lib/router/index.js:458:13)
    at Object.<anonymous> (/Users/tushar/web_dev/projects/iic-dcrust/server/routes/api/index.js:8:7)
    at Module._compile (internal/modules/cjs/loader.js:1015:30)
    at Object.Module._extensions..js (internal/modules/cjs/loader.js:1035:10)
    at Module.load (internal/modules/cjs/loader.js:879:32)
    at Function.Module._load (internal/modules/cjs/loader.js:724:14)
    at Module.require (internal/modules/cjs/loader.js:903:19)
    at require (internal/modules/cjs/helpers.js:74:18)
    at Object.<anonymous> (/Users/tushar/web_dev/projects/iic-dcrust/server/bin/app.js:3:16)
    at Module._compile (internal/modules/cjs/loader.js:1015:30)
