[33m[nodemon] 2.0.5[39m
[33m[nodemon] to restart at any time, enter `rs`[39m
[33m[nodemon] watching path(s): *.*[39m
[33m[nodemon] watching extensions: js,mjs,json[39m
[32m[nodemon] starting `node ./bin/www.js`[39m
[2021-04-28T10:30:52.005Z] Asia/Calcutta Time zone
[2021-04-28T10:30:52.009Z] (dev environment) 2021/04/28 16:00 Server is running...
[2021-04-28T10:30:52.012Z] *************** Server listening on :::4433 ****************
[2021-04-28T10:30:52.030Z] MongoDB Connection has been established and connected successfully.
[32m[nodemon] restarting due to changes...[39m
[32m[nodemon] starting `node ./bin/www.js`[39m
[2021-04-28T10:31:23.192Z] Asia/Calcutta Time zone
[2021-04-28T10:31:23.196Z] (dev environment) 2021/04/28 16:01 Server is running...
[2021-04-28T10:31:23.198Z] *************** Server listening on :::4433 ****************
[2021-04-28T10:31:23.214Z] MongoDB Connection has been established and connected successfully.
[32m[nodemon] restarting due to changes...[39m
[32m[nodemon] starting `node ./bin/www.js`[39m
[31m[nodemon] app crashed - waiting for file changes before starting...[39m
[32m[nodemon] restarting due to changes...[39m
[32m[nodemon] starting `node ./bin/www.js`[39m
[31m[nodemon] app crashed - waiting for file changes before starting...[39m
